User made request on / with status code: {200}
User made request on /css/bootstrap.min.css with status code: {200}
User made request on /css/reset-css.css with status code: {200}
User made request on /css/styles.css with status code: {200}
User made request on /js/jquery-3.3.1.min.js with status code: {200}
User made request on /js/bootstrap.min.js with status code: {200}
User made request on /css/reset-css.css with status code: {200}
User made request on /img/logo.png with status code: {200}
User made request on /css/bootstrap.min.css with status code: {200}
User made request on /css/styles.css with status code: {200}
User made request on /js/jquery-3.3.1.min.js with status code: {200}
User made request on /js/bootstrap.min.js with status code: {200}
User made request on /img/header-bg.jpg with status code: {200}
User made request on /info with status code: {200}
User made request on /css/bootstrap.min.css with status code: {200}
User made request on /css/styles.css with status code: {200}
User made request on /js/jquery-3.3.1.min.js with status code: {200}
User made request on /css/reset-css.css with status code: {200}
User made request on /js/bootstrap.min.js with status code: {200}
User made request on /js/demo-ajax.js with status code: {200}
User made request on /img/logo.png with status code: {200}
User made request on /img/sbornik.png with status code: {200}
User made request on /img/info2.png with status code: {200}
User made request on /img/info1.png with status code: {200}
User made request on /img/info3.png with status code: {200}
User made request on /css/reset-css.css with status code: {200}
User made request on /css/bootstrap.min.css with status code: {200}
User made request on /css/styles.css with status code: {200}
User made request on /js/jquery-3.3.1.min.js with status code: {200}
User made request on /js/bootstrap.min.js with status code: {200}
User made request on /ajax_info.txt with status code: {200}
User made request on /users/login with status code: {200}
User made request on /css/reset-css.css with status code: {200}
User made request on /css/bootstrap.min.css with status code: {200}
User made request on /js/jquery-3.3.1.min.js with status code: {200}
User made request on /css/styles.css with status code: {200}
User made request on /js/bootstrap.min.js with status code: {200}
User made request on /img/logo.png with status code: {200}
User made request on /lesson/viewAll with status code: {200}
User made request on /css/reset-css.css with status code: {200}
User made request on /css/bootstrap.min.css with status code: {200}
User made request on /js/jquery-3.3.1.min.js with status code: {200}
User made request on /css/styles.css with status code: {200}
User made request on /js/bootstrap.min.js with status code: {200}
User made request on /js/search-bar2.js with status code: {200}
User made request on /img/logo.png with status code: {200}
User made request on /css/reset-css.css with status code: {200}
User made request on /css/bootstrap.min.css with status code: {200}
User made request on /css/styles.css with status code: {200}
User made request on /js/jquery-3.3.1.min.js with status code: {200}
User made request on /js/bootstrap.min.js with status code: {200}
User made request on /img/lesson/%D1%83%D1%80%D0%BE%D0%BA1.mp4 with status code: {200}
User made request on /lesson/viewAll/api with status code: {200}
User made request on /img/lesson/%D1%83%D1%80%D0%BE%D0%BA1.mp4 with status code: {200}
User made request on /img/lesson/%D1%83%D1%80%D0%BE%D0%BA1.mp4 with status code: {200}
User made request on /img/lesson/%D1%83%D1%80%D0%BE%D0%BA1.mp4 with status code: {200}
User made request on /lesson/view/df204557-bf02-4d48-bd0f-5f56c0442852 with status code: {200}
User made request on /css/reset-css.css with status code: {200}
User made request on /css/bootstrap.min.css with status code: {200}
User made request on /css/styles.css with status code: {200}
User made request on /js/jquery-3.3.1.min.js with status code: {200}
User made request on /js/bootstrap.min.js with status code: {200}
User made request on /img/logo.png with status code: {200}
User made request on /css/reset-css.css with status code: {200}
User made request on /css/bootstrap.min.css with status code: {200}
User made request on /css/styles.css with status code: {200}
User made request on /js/jquery-3.3.1.min.js with status code: {200}
User made request on /js/bootstrap.min.js with status code: {200}
User made request on /video/viewAll with status code: {200}
User made request on /css/reset-css.css with status code: {200}
User made request on /css/bootstrap.min.css with status code: {200}
User made request on /css/styles.css with status code: {200}
User made request on /js/jquery-3.3.1.min.js with status code: {200}
User made request on /js/bootstrap.min.js with status code: {200}
User made request on /js/search-bar1.js with status code: {200}
User made request on /img/logo.png with status code: {200}
User made request on /css/reset-css.css with status code: {200}
User made request on /css/bootstrap.min.css with status code: {200}
User made request on /css/styles.css with status code: {200}
User made request on /js/jquery-3.3.1.min.js with status code: {200}
User made request on /js/bootstrap.min.js with status code: {200}
User made request on /img/video/%D1%81%D1%82%D1%80.74%D0%B7%D0%B0%D0%B421.mp4 with status code: {200}
User made request on /video/viewAll/api with status code: {200}
User made request on /img/video/%D1%81%D1%82%D1%80.74%D0%B7%D0%B0%D0%B421.mp4 with status code: {200}
User made request on /img/video/%D1%81%D1%82%D1%80.74%D0%B7%D0%B0%D0%B421.mp4 with status code: {200}
User made request on /video/view/d968b85a-9900-439f-a87e-84484497828d with status code: {200}
User made request on /css/reset-css.css with status code: {200}
User made request on /css/bootstrap.min.css with status code: {200}
User made request on /css/styles.css with status code: {200}
User made request on /js/jquery-3.3.1.min.js with status code: {200}
User made request on /js/bootstrap.min.js with status code: {200}
User made request on /img/logo.png with status code: {200}
User made request on /css/reset-css.css with status code: {200}
User made request on /css/bootstrap.min.css with status code: {200}
User made request on /css/styles.css with status code: {200}
User made request on /js/jquery-3.3.1.min.js with status code: {200}
User made request on /js/bootstrap.min.js with status code: {200}
User made request on /video/comment/d968b85a-9900-439f-a87e-84484497828d with status code: {200}
User made request on /css/bootstrap.min.css with status code: {200}
User made request on /css/reset-css.css with status code: {200}
User made request on /css/styles.css with status code: {200}
User made request on /js/jquery-3.3.1.min.js with status code: {200}
User made request on /js/bootstrap.min.js with status code: {200}
User made request on /img/logo.png with status code: {200}
User made request on /css/reset-css.css with status code: {200}
User made request on /css/bootstrap.min.css with status code: {200}
User made request on /css/styles.css with status code: {200}
User made request on /js/jquery-3.3.1.min.js with status code: {200}
User made request on /js/bootstrap.min.js with status code: {200}
User made request on /offer with status code: {200}
User made request on /css/reset-css.css with status code: {200}
User made request on /css/bootstrap.min.css with status code: {200}
User made request on /css/styles.css with status code: {200}
User made request on /js/bootstrap.min.js with status code: {200}
User made request on /js/jquery-3.3.1.min.js with status code: {200}
User made request on /js/scripts.js with status code: {200}
User made request on /img/logo.png with status code: {200}
User made request on /css/reset-css.css with status code: {200}
User made request on /css/bootstrap.min.css with status code: {200}
User made request on /css/styles.css with status code: {200}
User made request on /js/jquery-3.3.1.min.js with status code: {200}
User made request on /js/bootstrap.min.js with status code: {200}
User made request on /video/viewAll with status code: {200}
User made request on /css/reset-css.css with status code: {200}
User made request on /js/jquery-3.3.1.min.js with status code: {200}
User made request on /css/bootstrap.min.css with status code: {200}
User made request on /css/styles.css with status code: {200}
User made request on /js/bootstrap.min.js with status code: {200}
User made request on /js/search-bar1.js with status code: {200}
User made request on /img/logo.png with status code: {200}
User made request on /css/reset-css.css with status code: {200}
User made request on /css/bootstrap.min.css with status code: {200}
User made request on /css/styles.css with status code: {200}
User made request on /js/jquery-3.3.1.min.js with status code: {200}
User made request on /js/bootstrap.min.js with status code: {200}
User made request on /video/viewAll/api with status code: {200}
User made request on /comments with status code: {200}
User made request on /css/reset-css.css with status code: {200}
User made request on /css/styles.css with status code: {200}
User made request on /js/jquery-3.3.1.min.js with status code: {200}
User made request on /js/bootstrap.min.js with status code: {200}
User made request on /css/bootstrap.min.css with status code: {200}
User made request on /img/logo.png with status code: {200}
User made request on /css/reset-css.css with status code: {200}
User made request on /css/bootstrap.min.css with status code: {200}
User made request on /css/styles.css with status code: {200}
User made request on /js/jquery-3.3.1.min.js with status code: {200}
User made request on /js/bootstrap.min.js with status code: {200}
User made request on /statistics with status code: {200}
User made request on /css/reset-css.css with status code: {200}
User made request on /css/bootstrap.min.css with status code: {200}
User made request on /css/styles.css with status code: {200}
User made request on /js/jquery-3.3.1.min.js with status code: {200}
User made request on /js/bootstrap.min.js with status code: {200}
User made request on /img/logo.png with status code: {200}
User made request on /css/reset-css.css with status code: {200}
User made request on /css/bootstrap.min.css with status code: {200}
User made request on /css/styles.css with status code: {200}
User made request on /js/jquery-3.3.1.min.js with status code: {200}
User made request on /js/bootstrap.min.js with status code: {200}
User made request on / with status code: {200}
User made request on /css/reset-css.css with status code: {200}
User made request on /css/bootstrap.min.css with status code: {200}
User made request on /js/bootstrap.min.js with status code: {200}
User made request on /js/jquery-3.3.1.min.js with status code: {200}
User made request on /css/styles.css with status code: {200}
User made request on /img/logo.png with status code: {200}
User made request on /css/reset-css.css with status code: {200}
User made request on /css/bootstrap.min.css with status code: {200}
User made request on /css/styles.css with status code: {200}
User made request on /js/jquery-3.3.1.min.js with status code: {200}
User made request on /js/bootstrap.min.js with status code: {200}
User made request on /img/header-bg.jpg with status code: {200}
User made request on /info with status code: {200}
User made request on /css/reset-css.css with status code: {200}
User made request on /css/bootstrap.min.css with status code: {200}
User made request on /css/styles.css with status code: {200}
User made request on /js/jquery-3.3.1.min.js with status code: {200}
User made request on /js/bootstrap.min.js with status code: {200}
User made request on /js/demo-ajax.js with status code: {200}
User made request on /img/logo.png with status code: {200}
User made request on /img/sbornik.png with status code: {200}
User made request on /img/info1.png with status code: {200}
User made request on /img/info2.png with status code: {200}
User made request on /img/info3.png with status code: {200}
User made request on /css/reset-css.css with status code: {200}
User made request on /css/bootstrap.min.css with status code: {200}
User made request on /css/styles.css with status code: {200}
User made request on /js/jquery-3.3.1.min.js with status code: {200}
User made request on /js/bootstrap.min.js with status code: {200}
User made request on /unit/view with status code: {200}
User made request on /css/bootstrap.min.css with status code: {200}
User made request on /css/reset-css.css with status code: {200}
User made request on /css/styles.css with status code: {200}
User made request on /js/jquery-3.3.1.min.js with status code: {200}
User made request on /js/bootstrap.min.js with status code: {200}
User made request on /img/sbornik.png with status code: {200}
User made request on /img/logo.png with status code: {200}
User made request on /css/reset-css.css with status code: {200}
User made request on /css/bootstrap.min.css with status code: {200}
User made request on /css/styles.css with status code: {200}
User made request on /js/jquery-3.3.1.min.js with status code: {200}
User made request on /js/bootstrap.min.js with status code: {200}
User made request on /css/reset-css.css with status code: {200}
User made request on /css/bootstrap.min.css with status code: {200}
User made request on /css/styles.css with status code: {200}
User made request on /js/jquery-3.3.1.min.js with status code: {200}
User made request on /js/bootstrap.min.js with status code: {200}
User made request on /img/logo.png with status code: {200}
User made request on /chapter/view/%D0%A0%D0%90%D0%A6%D0%98%D0%9E%D0%9D%D0%90%D0%9B%D0%9D%D0%98%20%D0%A7%D0%98%D0%A1%D0%9B%D0%90 with status code: {200}
User made request on /css/reset-css.css with status code: {200}
User made request on /css/bootstrap.min.css with status code: {200}
User made request on /js/jquery-3.3.1.min.js with status code: {200}
User made request on /css/styles.css with status code: {200}
User made request on /js/bootstrap.min.js with status code: {200}
User made request on /img/logo.png with status code: {200}
User made request on /img/sbornik.png with status code: {200}
User made request on /css/reset-css.css with status code: {200}
User made request on /css/bootstrap.min.css with status code: {200}
User made request on /css/styles.css with status code: {200}
User made request on /js/jquery-3.3.1.min.js with status code: {200}
User made request on /js/bootstrap.min.js with status code: {200}
User made request on /css/reset-css.css with status code: {200}
User made request on /css/bootstrap.min.css with status code: {200}
User made request on /css/styles.css with status code: {200}
User made request on /js/jquery-3.3.1.min.js with status code: {200}
User made request on /js/bootstrap.min.js with status code: {200}
User made request on /img/logo.png with status code: {200}
User made request on /video/viewAll/%D0%9F%D0%BE%D0%BB%D0%BE%D0%B6%D0%B8%D1%82%D0%B5%D0%BB%D0%BD%D0%B8%20%D0%B8%20%D0%BE%D1%82%D1%80%D0%B8%D1%86%D0%B0%D1%82%D0%B5%D0%BB%D0%BD%D0%B8%20%D1%87%D0%B8%D1%81%D0%BB%D0%B0.%20%D0%9C%D0%BD%D0%BE%D0%B6%D0%B5%D1%81%D1%82%D0%B2%D0%BE%20%D0%BD%D0%B0%20%D1%80%D0%B0%D1%86%D0%B8%D0%BE%D0%BD%D0%B0%D0%BB%D0%BD%D0%B8%D1%82%D0%B5%20%D1%87%D0%B8%D1%81%D0%BB%D0%B0. with status code: {200}
User made request on /css/reset-css.css with status code: {200}
User made request on /css/bootstrap.min.css with status code: {200}
User made request on /js/jquery-3.3.1.min.js with status code: {200}
User made request on /css/styles.css with status code: {200}
User made request on /js/bootstrap.min.js with status code: {200}
User made request on /video/viewAll/js/scripts.js with status code: {200}
User made request on /error with status code: {404}
User made request on /img/logo.png with status code: {200}
User made request on /css/reset-css.css with status code: {200}
User made request on /css/bootstrap.min.css with status code: {200}
User made request on /css/styles.css with status code: {200}
User made request on /js/jquery-3.3.1.min.js with status code: {200}
User made request on /js/bootstrap.min.js with status code: {200}
User made request on /img/video/%D1%81%D1%82%D1%80.74%D0%B7%D0%B0%D0%B421.mp4 with status code: {200}
User made request on /video/viewAll/js/scripts.js with status code: {200}
User made request on /error with status code: {404}
User made request on /img/video/%D1%81%D1%82%D1%80.74%D0%B7%D0%B0%D0%B421.mp4 with status code: {200}
User made request on /img/video/%D1%81%D1%82%D1%80.74%D0%B7%D0%B0%D0%B421.mp4 with status code: {200}
User made request on /video/view/63b9958f-f410-448f-9f6d-12c5eb46017a with status code: {200}
User made request on /css/reset-css.css with status code: {200}
User made request on /css/bootstrap.min.css with status code: {200}
User made request on /css/styles.css with status code: {200}
User made request on /js/jquery-3.3.1.min.js with status code: {200}
User made request on /js/bootstrap.min.js with status code: {200}
User made request on /img/logo.png with status code: {200}
User made request on /css/reset-css.css with status code: {200}
User made request on /css/bootstrap.min.css with status code: {200}
User made request on /css/styles.css with status code: {200}
User made request on /js/jquery-3.3.1.min.js with status code: {200}
User made request on /js/bootstrap.min.js with status code: {200}
User made request on /video/comment/63b9958f-f410-448f-9f6d-12c5eb46017a with status code: {200}
User made request on /css/reset-css.css with status code: {200}
User made request on /css/bootstrap.min.css with status code: {200}
User made request on /css/styles.css with status code: {200}
User made request on /js/jquery-3.3.1.min.js with status code: {200}
User made request on /js/bootstrap.min.js with status code: {200}
User made request on /img/logo.png with status code: {200}
User made request on /css/reset-css.css with status code: {200}
User made request on /css/bootstrap.min.css with status code: {200}
User made request on /css/styles.css with status code: {200}
User made request on /js/jquery-3.3.1.min.js with status code: {200}
User made request on /js/bootstrap.min.js with status code: {200}
User made request on / with status code: {200}
User made request on /css/bootstrap.min.css with status code: {200}
User made request on /css/reset-css.css with status code: {200}
User made request on /css/styles.css with status code: {200}
User made request on /js/jquery-3.3.1.min.js with status code: {200}
User made request on /js/bootstrap.min.js with status code: {200}
User made request on /img/logo.png with status code: {200}
User made request on /css/reset-css.css with status code: {200}
User made request on /css/bootstrap.min.css with status code: {200}
User made request on /css/styles.css with status code: {200}
User made request on /js/jquery-3.3.1.min.js with status code: {200}
User made request on /js/bootstrap.min.js with status code: {200}
User made request on /img/header-bg.jpg with status code: {200}
